<?xml version="1.0" encoding="UTF-8"?>
<testng-results skipped="0" failed="0" ignored="0" total="1" passed="1">
  <reporter-output>
  </reporter-output>
  <suite name="regression" duration-ms="35742" started-at="2022-10-22T18:33:22Z" finished-at="2022-10-22T18:33:58Z">
    <groups>
    </groups>
    <test name="loginTest" duration-ms="35742" started-at="2022-10-22T18:33:22Z" finished-at="2022-10-22T18:33:58Z">
      <class name="test.AddContactTest">
        <test-method status="PASS" signature="userShouldBeAbleToAddCustomerFromListCustomer(java.lang.String, java.lang.String, java.lang.String, java.lang.String, java.lang.String, java.lang.String, java.lang.String, java.lang.String, java.lang.String, java.lang.String, java.lang.String, java.lang.String)[pri:0, instance:test.AddContactTest@643b1d11]" name="userShouldBeAbleToAddCustomerFromListCustomer" duration-ms="35688" started-at="2022-10-23T00:33:23Z" finished-at="2022-10-23T00:33:58Z">
          <params>
            <param index="0">
              <value>
                <![CDATA[demo@techfios.com]]>
              </value>
            </param>
            <param index="1">
              <value>
                <![CDATA[abc123]]>
              </value>
            </param>
            <param index="2">
              <value>
                <![CDATA[Dashboard]]>
              </value>
            </param>
            <param index="3">
              <value>
                <![CDATA[Excel Projet]]>
              </value>
            </param>
            <param index="4">
              <value>
                <![CDATA[Techfios]]>
              </value>
            </param>
            <param index="5">
              <value>
                <![CDATA[msexcell@gmail.com]]>
              </value>
            </param>
            <param index="6">
              <value>
                <![CDATA[231546]]>
              </value>
            </param>
            <param index="7">
              <value>
                <![CDATA[Techfios Building]]>
              </value>
            </param>
            <param index="8">
              <value>
                <![CDATA[Carrolton]]>
              </value>
            </param>
            <param index="9">
              <value>
                <![CDATA[TX]]>
              </value>
            </param>
            <param index="10">
              <value>
                <![CDATA[75009]]>
              </value>
            </param>
            <param index="11">
              <value>
                <![CDATA[United Kingdom]]>
              </value>
            </param>
          </params>
          <reporter-output>
          </reporter-output>
        </test-method> <!-- userShouldBeAbleToAddCustomerFromListCustomer -->
      </class> <!-- test.AddContactTest -->
    </test> <!-- loginTest -->
  </suite> <!-- regression -->
</testng-results>
